-------------------------------------------------------------------------------
Test set: com.mahi.javapassion.coaching.users.UserApiTest
-------------------------------------------------------------------------------
Tests run: 2, Failures: 0, Errors: 2, Skipped: 0, Time elapsed: 18.314 s <<< FAILURE! - in com.mahi.javapassion.coaching.users.UserApiTest
signUp_validRequest_signedUp  Time elapsed: 0.016 s  <<< ERROR!
java.lang.IllegalStateException: Failed to load ApplicationContext
Caused by: org.springframework.beans.factory.UnsatisfiedDependencyException: Error creating bean with name 'signInCommandHandler' defined in URL [jar:file:/C:/Users/1000037803/Downloads/modular-monolith/users/application/target/users-application-1.0-SNAPSHOT.jar!/com/mahi/javapassion/coaching/users/login/SignInCommandHandler.class]: Unsatisfied dependency expressed through constructor parameter 3; nested exception is org.springframework.beans.factory.NoSuchBeanDefinitionException: No qualifying bean of type 'org.springframework.security.authentication.AuthenticationManager' available: expected at least 1 bean which qualifies as autowire candidate. Dependency annotations: {}
Caused by: org.springframework.beans.factory.NoSuchBeanDefinitionException: No qualifying bean of type 'org.springframework.security.authentication.AuthenticationManager' available: expected at least 1 bean which qualifies as autowire candidate. Dependency annotations: {}

signIn_validRequest_signedIn  Time elapsed: 0.001 s  <<< ERROR!
java.lang.IllegalStateException: Failed to load ApplicationContext
Caused by: org.springframework.beans.factory.UnsatisfiedDependencyException: Error creating bean with name 'signInCommandHandler' defined in URL [jar:file:/C:/Users/1000037803/Downloads/modular-monolith/users/application/target/users-application-1.0-SNAPSHOT.jar!/com/mahi/javapassion/coaching/users/login/SignInCommandHandler.class]: Unsatisfied dependency expressed through constructor parameter 3; nested exception is org.springframework.beans.factory.NoSuchBeanDefinitionException: No qualifying bean of type 'org.springframework.security.authentication.AuthenticationManager' available: expected at least 1 bean which qualifies as autowire candidate. Dependency annotations: {}
Caused by: org.springframework.beans.factory.NoSuchBeanDefinitionException: No qualifying bean of type 'org.springframework.security.authentication.AuthenticationManager' available: expected at least 1 bean which qualifies as autowire candidate. Dependency annotations: {}

