<?xml version="1.0" encoding="UTF-8"?>
<testsuite xmlns:xsi="http://www.w3.org/2001/XMLSchema-instance" xsi:noNamespaceSchemaLocation="https://maven.apache.org/surefire/maven-surefire-plugin/xsd/surefire-test-report.xsd" name="com.mahi.javapassion.coaching.users.login.SignInCommandHandlerTest" time="1.898" tests="4" errors="0" skipped="0" failures="0">
  <properties>
[...]
</properties>
  <testcase name="handle_invalidUsernamePassword_unprocessableEntityException" classname="com.mahi.javapassion.coaching.users.login.SignInCommandHandlerTest" time="1.774"/>
  <testcase name="handle_validCommand_signedIn" classname="com.mahi.javapassion.coaching.users.login.SignInCommandHandlerTest" time="0.036"/>
  <testcase name="handle_passwordIsEmpty_constraintViolationException" classname="com.mahi.javapassion.coaching.users.login.SignInCommandHandlerTest" time="0.038"/>
  <testcase name="handle_usernameIsEmpty_constraintViolationException" classname="com.mahi.javapassion.coaching.users.login.SignInCommandHandlerTest" time="0.016"/>
</testsuite>